This file contains any messages produced by compilers while
running configure, to aid debugging if configure makes a mistake.

It was created by configure, which was
generated by GNU Autoconf 2.61.  Invocation command line was

  $ ./configure --host=x86_64-unknown-linux-gnu --with-pcap=linux

## --------- ##
## Platform. ##
## --------- ##

hostname = davide-virtual-machine
uname -m = x86_64
uname -r = 5.15.0-56-generic
uname -s = Linux
uname -v = #62-Ubuntu SMP Tue Nov 22 19:54:14 UTC 2022

/usr/bin/uname -p = x86_64
/bin/uname -X     = unknown

/bin/arch              = x86_64
/usr/bin/arch -k       = unknown
/usr/convex/getsysinfo = unknown
/usr/bin/hostinfo      = unknown
/bin/machine           = unknown
/usr/bin/oslevel       = unknown
/bin/universe          = unknown

PATH: /usr/local/sbin
PATH: /usr/local/bin
PATH: /usr/sbin
PATH: /usr/bin
PATH: /sbin
PATH: /bin
PATH: /usr/games
PATH: /usr/local/games
PATH: /snap/bin
PATH: /opt/brcm-arm/bin
PATH: /opt/toolchains/crosstools-arm-gcc-5.3-linux-4.1-glibc-2.22-binutils-2.25/usr/bin
PATH: /opt/toolchains/crosstools-aarch64-gcc-5.3-linux-4.1-glibc-2.22-binutils-2.25/usr/bin
PATH: /opt/toolchains/crosstools-arm-gcc-5.5-linux-4.1-glibc-2.26-binutils-2.28.1/usr/bin
PATH: /opt/toolchains/crosstools-aarch64-gcc-5.5-linux-4.1-glibc-2.26-binutils-2.28.1/usr/bin
PATH: /opt/brcm-arm/bin
PATH: /opt/toolchains/crosstools-arm-gcc-5.3-linux-4.1-glibc-2.22-binutils-2.25/usr/bin
PATH: /opt/toolchains/crosstools-aarch64-gcc-5.3-linux-4.1-glibc-2.22-binutils-2.25/usr/bin
PATH: /opt/toolchains/crosstools-arm-gcc-5.5-linux-4.1-glibc-2.26-binutils-2.28.1/usr/bin
PATH: /opt/toolchains/crosstools-aarch64-gcc-5.5-linux-4.1-glibc-2.26-binutils-2.28.1/usr/bin


## ----------- ##
## Core tests. ##
## ----------- ##

configure:1804: checking build system type
configure:1822: result: x86_64-unknown-linux-gnu
configure:1844: checking host system type
configure:1859: result: x86_64-unknown-linux-gnu
configure:1881: checking target system type
configure:1896: result: x86_64-unknown-linux-gnu
configure:2006: checking for x86_64-unknown-linux-gnu-gcc
configure:2033: result: aarch64-linux-gnu-gcc
configure:2311: checking for C compiler version
configure:2318: aarch64-linux-gnu-gcc --version >&5
aarch64-linux-gnu-gcc (Ubuntu 11.3.0-1ubuntu1~22.04) 11.3.0
Copyright (C) 2021 Free Software Foundation, Inc.
This is free software; see the source for copying conditions.  There is NO
warranty; not even for MERCHANTABILITY or FITNESS FOR A PARTICULAR PURPOSE.

configure:2321: $? = 0
configure:2328: aarch64-linux-gnu-gcc -v >&5
Using built-in specs.
COLLECT_GCC=aarch64-linux-gnu-gcc
COLLECT_LTO_WRAPPER=/usr/lib/gcc-cross/aarch64-linux-gnu/11/lto-wrapper
Target: aarch64-linux-gnu
Configured with: ../src/configure -v --with-pkgversion='Ubuntu 11.3.0-1ubuntu1~22.04' --with-bugurl=file:///usr/share/doc/gcc-11/README.Bugs --enable-languages=c,ada,c++,go,d,fortran,objc,obj-c++,m2 --prefix=/usr --with-gcc-major-version-only --program-suffix=-11 --enable-shared --enable-linker-build-id --libexecdir=/usr/lib --without-included-gettext --enable-threads=posix --libdir=/usr/lib --enable-nls --with-sysroot=/ --enable-clocale=gnu --enable-libstdcxx-debug --enable-libstdcxx-time=yes --with-default-libstdcxx-abi=new --enable-gnu-unique-object --disable-libquadmath --disable-libquadmath-support --enable-plugin --enable-default-pie --with-system-zlib --enable-libphobos-checking=release --without-target-system-zlib --enable-multiarch --enable-fix-cortex-a53-843419 --disable-werror --enable-checking=release --build=x86_64-linux-gnu --host=x86_64-linux-gnu --target=aarch64-linux-gnu --program-prefix=aarch64-linux-gnu- --includedir=/usr/aarch64-linux-gnu/include --with-build-config=bootstrap-lto-lean --enable-link-serialization=2
Thread model: posix
Supported LTO compression algorithms: zlib zstd
gcc version 11.3.0 (Ubuntu 11.3.0-1ubuntu1~22.04) 
configure:2331: $? = 0
configure:2338: aarch64-linux-gnu-gcc -V >&5
aarch64-linux-gnu-gcc: error: unrecognized command-line option '-V'
aarch64-linux-gnu-gcc: fatal error: no input files
compilation terminated.
configure:2341: $? = 1
configure:2364: checking for C compiler default output file name
configure:2391: aarch64-linux-gnu-gcc    conftest.c  >&5
configure:2394: $? = 0
configure:2432: result: a.out
configure:2449: checking whether the C compiler works
configure:2459: ./a.out
./configure: line 2460: ./a.out: cannot execute binary file: Exec format error
configure:2462: $? = 126
configure:2479: result: yes
configure:2486: checking whether we are cross compiling
configure:2488: result: yes
configure:2491: checking for suffix of executables
configure:2498: aarch64-linux-gnu-gcc -o conftest    conftest.c  >&5
configure:2501: $? = 0
configure:2525: result: 
configure:2531: checking for suffix of object files
configure:2557: aarch64-linux-gnu-gcc -c   conftest.c >&5
configure:2560: $? = 0
configure:2583: result: o
configure:2587: checking whether we are using the GNU C compiler
configure:2616: aarch64-linux-gnu-gcc -c   conftest.c >&5
configure:2622: $? = 0
configure:2639: result: yes
configure:2644: checking whether aarch64-linux-gnu-gcc accepts -g
configure:2674: aarch64-linux-gnu-gcc -c -g  conftest.c >&5
configure:2680: $? = 0
configure:2779: result: yes
configure:2796: checking for aarch64-linux-gnu-gcc option to accept ISO C89
configure:2870: aarch64-linux-gnu-gcc  -c -g -O2  conftest.c >&5
configure:2876: $? = 0
configure:2899: result: none needed
configure:2926: checking gcc version
configure:2938: result: 11
configure:3362: checking for inline
configure:3408: aarch64-linux-gnu-gcc -c -O2 -fpic  conftest.c >&5
configure:3414: $? = 0
configure:3439: result: inline
configure:3451: checking for __attribute__
configure:3487: aarch64-linux-gnu-gcc -c -g -O2  conftest.c >&5
configure:3493: $? = 0
configure:3519: result: yes
configure:3528: checking how to run the C preprocessor
configure:3568: aarch64-linux-gnu-gcc -E  conftest.c
configure:3574: $? = 0
configure:3605: aarch64-linux-gnu-gcc -E  conftest.c
conftest.c:10:10: fatal error: ac_nonexistent.h: No such file or directory
   10 | #include <ac_nonexistent.h>
      |          ^~~~~~~~~~~~~~~~~~
compilation terminated.
configure:3611: $? = 1
configure: failed program was:
| /* confdefs.h.  */
| #define PACKAGE_NAME ""
| #define PACKAGE_TARNAME ""
| #define PACKAGE_VERSION ""
| #define PACKAGE_STRING ""
| #define PACKAGE_BUGREPORT ""
| #define inline inline
| #define HAVE___ATTRIBUTE__ 1
| /* end confdefs.h.  */
| #include <ac_nonexistent.h>
configure:3644: result: aarch64-linux-gnu-gcc -E
configure:3673: aarch64-linux-gnu-gcc -E  conftest.c
configure:3679: $? = 0
configure:3710: aarch64-linux-gnu-gcc -E  conftest.c
conftest.c:10:10: fatal error: ac_nonexistent.h: No such file or directory
   10 | #include <ac_nonexistent.h>
      |          ^~~~~~~~~~~~~~~~~~
compilation terminated.
configure:3716: $? = 1
configure: failed program was:
| /* confdefs.h.  */
| #define PACKAGE_NAME ""
| #define PACKAGE_TARNAME ""
| #define PACKAGE_VERSION ""
| #define PACKAGE_STRING ""
| #define PACKAGE_BUGREPORT ""
| #define inline inline
| #define HAVE___ATTRIBUTE__ 1
| /* end confdefs.h.  */
| #include <ac_nonexistent.h>
configure:3754: checking for grep that handles long lines and -e
configure:3828: result: /usr/bin/grep
configure:3833: checking for egrep
configure:3911: result: /usr/bin/grep -E
configure:3916: checking for ANSI C header files
configure:3946: aarch64-linux-gnu-gcc -c -g -O2  conftest.c >&5
configure:3952: $? = 0
configure:4080: result: yes
configure:4104: checking for sys/types.h
configure:4125: aarch64-linux-gnu-gcc -c -g -O2  conftest.c >&5
configure:4131: $? = 0
configure:4147: result: yes
configure:4104: checking for sys/stat.h
configure:4125: aarch64-linux-gnu-gcc -c -g -O2  conftest.c >&5
configure:4131: $? = 0
configure:4147: result: yes
configure:4104: checking for stdlib.h
configure:4125: aarch64-linux-gnu-gcc -c -g -O2  conftest.c >&5
configure:4131: $? = 0
configure:4147: result: yes
configure:4104: checking for string.h
configure:4125: aarch64-linux-gnu-gcc -c -g -O2  conftest.c >&5
configure:4131: $? = 0
configure:4147: result: yes
configure:4104: checking for memory.h
configure:4125: aarch64-linux-gnu-gcc -c -g -O2  conftest.c >&5
configure:4131: $? = 0
configure:4147: result: yes
configure:4104: checking for strings.h
configure:4125: aarch64-linux-gnu-gcc -c -g -O2  conftest.c >&5
configure:4131: $? = 0
configure:4147: result: yes
configure:4104: checking for inttypes.h
configure:4125: aarch64-linux-gnu-gcc -c -g -O2  conftest.c >&5
configure:4131: $? = 0
configure:4147: result: yes
configure:4104: checking for stdint.h
configure:4125: aarch64-linux-gnu-gcc -c -g -O2  conftest.c >&5
configure:4131: $? = 0
configure:4147: result: yes
configure:4104: checking for unistd.h
configure:4125: aarch64-linux-gnu-gcc -c -g -O2  conftest.c >&5
configure:4131: $? = 0
configure:4147: result: yes
configure:4174: checking sys/bitypes.h usability
configure:4191: aarch64-linux-gnu-gcc -c -g -O2  conftest.c >&5
configure:4197: $? = 0
configure:4211: result: yes
configure:4215: checking sys/bitypes.h presence
configure:4230: aarch64-linux-gnu-gcc -E  conftest.c
configure:4236: $? = 0
configure:4250: result: yes
configure:4278: checking for sys/bitypes.h
configure:4286: result: yes
configure:4300: checking for int8_t
configure:4334: aarch64-linux-gnu-gcc -c -g -O2  conftest.c >&5
configure:4340: $? = 0
configure:4355: result: yes
configure:4367: checking for u_int8_t
configure:4401: aarch64-linux-gnu-gcc -c -g -O2  conftest.c >&5
configure:4407: $? = 0
configure:4422: result: yes
configure:4434: checking for int16_t
configure:4464: aarch64-linux-gnu-gcc -c -g -O2  conftest.c >&5
configure:4470: $? = 0
configure:4485: result: yes
configure:4501: checking for u_int16_t
configure:4535: aarch64-linux-gnu-gcc -c -g -O2  conftest.c >&5
configure:4541: $? = 0
configure:4556: result: yes
configure:4568: checking for int32_t
configure:4602: aarch64-linux-gnu-gcc -c -g -O2  conftest.c >&5
configure:4608: $? = 0
configure:4623: result: yes
configure:4635: checking for u_int32_t
configure:4669: aarch64-linux-gnu-gcc -c -g -O2  conftest.c >&5
configure:4675: $? = 0
configure:4690: result: yes
configure:4702: checking for int64_t
configure:4736: aarch64-linux-gnu-gcc -c -g -O2  conftest.c >&5
configure:4742: $? = 0
configure:4757: result: yes
configure:4769: checking for u_int64_t
configure:4803: aarch64-linux-gnu-gcc -c -g -O2  conftest.c >&5
configure:4809: $? = 0
configure:4824: result: yes
configure:4847: checking for special C compiler options needed for large files
configure:4940: result: no
configure:4946: checking for _FILE_OFFSET_BITS value needed for large files
configure:4981: aarch64-linux-gnu-gcc -c -g -O2  conftest.c >&5
configure:4987: $? = 0
configure:5055: result: no
configure:5190: checking for _LARGEFILE_SOURCE value needed for large files
configure:5217: aarch64-linux-gnu-gcc -o conftest -g -O2   conftest.c  >&5
configure:5223: $? = 0
configure:5287: result: no
configure:5329: checking sys/ioccom.h usability
configure:5346: aarch64-linux-gnu-gcc -c -g -O2  conftest.c >&5
conftest.c:55:10: fatal error: sys/ioccom.h: No such file or directory
   55 | #include <sys/ioccom.h>
      |          ^~~~~~~~~~~~~~
compilation terminated.
configure:5352: $? = 1
configure: failed program was:
| /* confdefs.h.  */
| #define PACKAGE_NAME ""
| #define PACKAGE_TARNAME ""
| #define PACKAGE_VERSION ""
| #define PACKAGE_STRING ""
| #define PACKAGE_BUGREPORT ""
| #define inline inline
| #define HAVE___ATTRIBUTE__ 1
| #define STDC_HEADERS 1
| #define HAVE_SYS_TYPES_H 1
| #define HAVE_SYS_STAT_H 1
| #define HAVE_STDLIB_H 1
| #define HAVE_STRING_H 1
| #define HAVE_MEMORY_H 1
| #define HAVE_STRINGS_H 1
| #define HAVE_INTTYPES_H 1
| #define HAVE_STDINT_H 1
| #define HAVE_UNISTD_H 1
| #define HAVE_SYS_BITYPES_H 1
| #define HAVE_FSEEKO 1
| /* end confdefs.h.  */
| #include <stdio.h>
| #ifdef HAVE_SYS_TYPES_H
| # include <sys/types.h>
| #endif
| #ifdef HAVE_SYS_STAT_H
| # include <sys/stat.h>
| #endif
| #ifdef STDC_HEADERS
| # include <stdlib.h>
| # include <stddef.h>
| #else
| # ifdef HAVE_STDLIB_H
| #  include <stdlib.h>
| # endif
| #endif
| #ifdef HAVE_STRING_H
| # if !defined STDC_HEADERS && defined HAVE_MEMORY_H
| #  include <memory.h>
| # endif
| # include <string.h>
| #endif
| #ifdef HAVE_STRINGS_H
| # include <strings.h>
| #endif
| #ifdef HAVE_INTTYPES_H
| # include <inttypes.h>
| #endif
| #ifdef HAVE_STDINT_H
| # include <stdint.h>
| #endif
| #ifdef HAVE_UNISTD_H
| # include <unistd.h>
| #endif
| #include <sys/ioccom.h>
configure:5366: result: no
configure:5370: checking sys/ioccom.h presence
configure:5385: aarch64-linux-gnu-gcc -E  conftest.c
conftest.c:22:10: fatal error: sys/ioccom.h: No such file or directory
   22 | #include <sys/ioccom.h>
      |          ^~~~~~~~~~~~~~
compilation terminated.
configure:5391: $? = 1
configure: failed program was:
| /* confdefs.h.  */
| #define PACKAGE_NAME ""
| #define PACKAGE_TARNAME ""
| #define PACKAGE_VERSION ""
| #define PACKAGE_STRING ""
| #define PACKAGE_BUGREPORT ""
| #define inline inline
| #define HAVE___ATTRIBUTE__ 1
| #define STDC_HEADERS 1
| #define HAVE_SYS_TYPES_H 1
| #define HAVE_SYS_STAT_H 1
| #define HAVE_STDLIB_H 1
| #define HAVE_STRING_H 1
| #define HAVE_MEMORY_H 1
| #define HAVE_STRINGS_H 1
| #define HAVE_INTTYPES_H 1
| #define HAVE_STDINT_H 1
| #define HAVE_UNISTD_H 1
| #define HAVE_SYS_BITYPES_H 1
| #define HAVE_FSEEKO 1
| /* end confdefs.h.  */
| #include <sys/ioccom.h>
configure:5405: result: no
configure:5433: checking for sys/ioccom.h
configure:5441: result: no
configure:5329: checking sys/sockio.h usability
configure:5346: aarch64-linux-gnu-gcc -c -g -O2  conftest.c >&5
conftest.c:55:10: fatal error: sys/sockio.h: No such file or directory
   55 | #include <sys/sockio.h>
      |          ^~~~~~~~~~~~~~
compilation terminated.
configure:5352: $? = 1
configure: failed program was:
| /* confdefs.h.  */
| #define PACKAGE_NAME ""
| #define PACKAGE_TARNAME ""
| #define PACKAGE_VERSION ""
| #define PACKAGE_STRING ""
| #define PACKAGE_BUGREPORT ""
| #define inline inline
| #define HAVE___ATTRIBUTE__ 1
| #define STDC_HEADERS 1
| #define HAVE_SYS_TYPES_H 1
| #define HAVE_SYS_STAT_H 1
| #define HAVE_STDLIB_H 1
| #define HAVE_STRING_H 1
| #define HAVE_MEMORY_H 1
| #define HAVE_STRINGS_H 1
| #define HAVE_INTTYPES_H 1
| #define HAVE_STDINT_H 1
| #define HAVE_UNISTD_H 1
| #define HAVE_SYS_BITYPES_H 1
| #define HAVE_FSEEKO 1
| /* end confdefs.h.  */
| #include <stdio.h>
| #ifdef HAVE_SYS_TYPES_H
| # include <sys/types.h>
| #endif
| #ifdef HAVE_SYS_STAT_H
| # include <sys/stat.h>
| #endif
| #ifdef STDC_HEADERS
| # include <stdlib.h>
| # include <stddef.h>
| #else
| # ifdef HAVE_STDLIB_H
| #  include <stdlib.h>
| # endif
| #endif
| #ifdef HAVE_STRING_H
| # if !defined STDC_HEADERS && defined HAVE_MEMORY_H
| #  include <memory.h>
| # endif
| # include <string.h>
| #endif
| #ifdef HAVE_STRINGS_H
| # include <strings.h>
| #endif
| #ifdef HAVE_INTTYPES_H
| # include <inttypes.h>
| #endif
| #ifdef HAVE_STDINT_H
| # include <stdint.h>
| #endif
| #ifdef HAVE_UNISTD_H
| # include <unistd.h>
| #endif
| #include <sys/sockio.h>
configure:5366: result: no
configure:5370: checking sys/sockio.h presence
configure:5385: aarch64-linux-gnu-gcc -E  conftest.c
conftest.c:22:10: fatal error: sys/sockio.h: No such file or directory
   22 | #include <sys/sockio.h>
      |          ^~~~~~~~~~~~~~
compilation terminated.
configure:5391: $? = 1
configure: failed program was:
| /* confdefs.h.  */
| #define PACKAGE_NAME ""
| #define PACKAGE_TARNAME ""
| #define PACKAGE_VERSION ""
| #define PACKAGE_STRING ""
| #define PACKAGE_BUGREPORT ""
| #define inline inline
| #define HAVE___ATTRIBUTE__ 1
| #define STDC_HEADERS 1
| #define HAVE_SYS_TYPES_H 1
| #define HAVE_SYS_STAT_H 1
| #define HAVE_STDLIB_H 1
| #define HAVE_STRING_H 1
| #define HAVE_MEMORY_H 1
| #define HAVE_STRINGS_H 1
| #define HAVE_INTTYPES_H 1
| #define HAVE_STDINT_H 1
| #define HAVE_UNISTD_H 1
| #define HAVE_SYS_BITYPES_H 1
| #define HAVE_FSEEKO 1
| /* end confdefs.h.  */
| #include <sys/sockio.h>
configure:5405: result: no
configure:5433: checking for sys/sockio.h
configure:5441: result: no
configure:5329: checking limits.h usability
configure:5346: aarch64-linux-gnu-gcc -c -g -O2  conftest.c >&5
configure:5352: $? = 0
configure:5366: result: yes
configure:5370: checking limits.h presence
configure:5385: aarch64-linux-gnu-gcc -E  conftest.c
configure:5391: $? = 0
configure:5405: result: yes
configure:5433: checking for limits.h
configure:5441: result: yes
configure:5329: checking paths.h usability
configure:5346: aarch64-linux-gnu-gcc -c -g -O2  conftest.c >&5
configure:5352: $? = 0
configure:5366: result: yes
configure:5370: checking paths.h presence
configure:5385: aarch64-linux-gnu-gcc -E  conftest.c
configure:5391: $? = 0
configure:5405: result: yes
configure:5433: checking for paths.h
configure:5441: result: yes
configure:5469: checking linux/types.h usability
configure:5486: aarch64-linux-gnu-gcc -c -g -O2  conftest.c >&5
configure:5492: $? = 0
configure:5506: result: yes
configure:5510: checking linux/types.h presence
configure:5525: aarch64-linux-gnu-gcc -E  conftest.c
configure:5531: $? = 0
configure:5545: result: yes
configure:5573: checking for linux/types.h
configure:5581: result: yes
configure:5611: checking linux/if_packet.h usability
configure:5628: aarch64-linux-gnu-gcc -c -g -O2  conftest.c >&5
configure:5634: $? = 0
configure:5648: result: yes
configure:5652: checking linux/if_packet.h presence
configure:5667: aarch64-linux-gnu-gcc -E  conftest.c
configure:5673: $? = 0
configure:5687: result: yes
configure:5715: checking for linux/if_packet.h
configure:5723: result: yes
configure:5611: checking netpacket/packet.h usability
configure:5628: aarch64-linux-gnu-gcc -c -g -O2  conftest.c >&5
configure:5634: $? = 0
configure:5648: result: yes
configure:5652: checking netpacket/packet.h presence
configure:5667: aarch64-linux-gnu-gcc -E  conftest.c
configure:5673: $? = 0
configure:5687: result: yes
configure:5715: checking for netpacket/packet.h
configure:5723: result: yes
configure:5611: checking netpacket/if_packet.h usability
configure:5628: aarch64-linux-gnu-gcc -c -g -O2  conftest.c >&5
conftest.c:60:10: fatal error: netpacket/if_packet.h: No such file or directory
   60 | #include <netpacket/if_packet.h>
      |          ^~~~~~~~~~~~~~~~~~~~~~~
compilation terminated.
configure:5634: $? = 1
configure: failed program was:
| /* confdefs.h.  */
| #define PACKAGE_NAME ""
| #define PACKAGE_TARNAME ""
| #define PACKAGE_VERSION ""
| #define PACKAGE_STRING ""
| #define PACKAGE_BUGREPORT ""
| #define inline inline
| #define HAVE___ATTRIBUTE__ 1
| #define STDC_HEADERS 1
| #define HAVE_SYS_TYPES_H 1
| #define HAVE_SYS_STAT_H 1
| #define HAVE_STDLIB_H 1
| #define HAVE_STRING_H 1
| #define HAVE_MEMORY_H 1
| #define HAVE_STRINGS_H 1
| #define HAVE_INTTYPES_H 1
| #define HAVE_STDINT_H 1
| #define HAVE_UNISTD_H 1
| #define HAVE_SYS_BITYPES_H 1
| #define HAVE_FSEEKO 1
| #define HAVE_LIMITS_H 1
| #define HAVE_PATHS_H 1
| #define HAVE_LINUX_TYPES_H 1
| #define HAVE_LINUX_IF_PACKET_H 1
| #define HAVE_NETPACKET_PACKET_H 1
| /* end confdefs.h.  */
| #include <stdio.h>
| #ifdef HAVE_SYS_TYPES_H
| # include <sys/types.h>
| #endif
| #ifdef HAVE_SYS_STAT_H
| # include <sys/stat.h>
| #endif
| #ifdef STDC_HEADERS
| # include <stdlib.h>
| # include <stddef.h>
| #else
| # ifdef HAVE_STDLIB_H
| #  include <stdlib.h>
| # endif
| #endif
| #ifdef HAVE_STRING_H
| # if !defined STDC_HEADERS && defined HAVE_MEMORY_H
| #  include <memory.h>
| # endif
| # include <string.h>
| #endif
| #ifdef HAVE_STRINGS_H
| # include <strings.h>
| #endif
| #ifdef HAVE_INTTYPES_H
| # include <inttypes.h>
| #endif
| #ifdef HAVE_STDINT_H
| # include <stdint.h>
| #endif
| #ifdef HAVE_UNISTD_H
| # include <unistd.h>
| #endif
| #include <netpacket/if_packet.h>
configure:5648: result: no
configure:5652: checking netpacket/if_packet.h presence
configure:5667: aarch64-linux-gnu-gcc -E  conftest.c
conftest.c:27:10: fatal error: netpacket/if_packet.h: No such file or directory
   27 | #include <netpacket/if_packet.h>
      |          ^~~~~~~~~~~~~~~~~~~~~~~
compilation terminated.
configure:5673: $? = 1
configure: failed program was:
| /* confdefs.h.  */
| #define PACKAGE_NAME ""
| #define PACKAGE_TARNAME ""
| #define PACKAGE_VERSION ""
| #define PACKAGE_STRING ""
| #define PACKAGE_BUGREPORT ""
| #define inline inline
| #define HAVE___ATTRIBUTE__ 1
| #define STDC_HEADERS 1
| #define HAVE_SYS_TYPES_H 1
| #define HAVE_SYS_STAT_H 1
| #define HAVE_STDLIB_H 1
| #define HAVE_STRING_H 1
| #define HAVE_MEMORY_H 1
| #define HAVE_STRINGS_H 1
| #define HAVE_INTTYPES_H 1
| #define HAVE_STDINT_H 1
| #define HAVE_UNISTD_H 1
| #define HAVE_SYS_BITYPES_H 1
| #define HAVE_FSEEKO 1
| #define HAVE_LIMITS_H 1
| #define HAVE_PATHS_H 1
| #define HAVE_LINUX_TYPES_H 1
| #define HAVE_LINUX_IF_PACKET_H 1
| #define HAVE_NETPACKET_PACKET_H 1
| /* end confdefs.h.  */
| #include <netpacket/if_packet.h>
configure:5687: result: no
configure:5715: checking for netpacket/if_packet.h
configure:5723: result: no
configure:5740: checking for net/pfvar.h
configure:5763: aarch64-linux-gnu-gcc -c -g -O2  conftest.c >&5
conftest.c:31:10: fatal error: net/pfvar.h: No such file or directory
   31 | #include <net/pfvar.h>
      |          ^~~~~~~~~~~~~
compilation terminated.
configure:5769: $? = 1
configure: failed program was:
| /* confdefs.h.  */
| #define PACKAGE_NAME ""
| #define PACKAGE_TARNAME ""
| #define PACKAGE_VERSION ""
| #define PACKAGE_STRING ""
| #define PACKAGE_BUGREPORT ""
| #define inline inline
| #define HAVE___ATTRIBUTE__ 1
| #define STDC_HEADERS 1
| #define HAVE_SYS_TYPES_H 1
| #define HAVE_SYS_STAT_H 1
| #define HAVE_STDLIB_H 1
| #define HAVE_STRING_H 1
| #define HAVE_MEMORY_H 1
| #define HAVE_STRINGS_H 1
| #define HAVE_INTTYPES_H 1
| #define HAVE_STDINT_H 1
| #define HAVE_UNISTD_H 1
| #define HAVE_SYS_BITYPES_H 1
| #define HAVE_FSEEKO 1
| #define HAVE_LIMITS_H 1
| #define HAVE_PATHS_H 1
| #define HAVE_LINUX_TYPES_H 1
| #define HAVE_LINUX_IF_PACKET_H 1
| #define HAVE_NETPACKET_PACKET_H 1
| /* end confdefs.h.  */
| #include <sys/types.h>
| #include <sys/socket.h>
| #include <net/if.h>
| 
| #include <net/pfvar.h>
configure:5785: result: no
configure:5860: checking for netinet/if_ether.h
configure:5882: aarch64-linux-gnu-gcc -c -g -O2  conftest.c >&5
configure:5888: $? = 0
configure:5904: result: yes
configure:5992: checking for ANSI ioctl definitions
configure:6030: aarch64-linux-gnu-gcc -c -g -O2  conftest.c >&5
configure:6036: $? = 0
configure:6052: result: yes
configure:6068: checking for strerror
configure:6124: aarch64-linux-gnu-gcc -o conftest -g -O2   conftest.c  >&5
configure:6130: $? = 0
configure:6148: result: yes
configure:6068: checking for strlcpy
configure:6124: aarch64-linux-gnu-gcc -o conftest -g -O2   conftest.c  >&5
/usr/lib/gcc-cross/aarch64-linux-gnu/11/../../../../aarch64-linux-gnu/bin/ld: /tmp/cc3fKtQk.o: in function `main':
/home/davide/Desktop/libpcap/conftest.c:63: undefined reference to `strlcpy'
collect2: error: ld returned 1 exit status
configure:6130: $? = 1
configure: failed program was:
| /* confdefs.h.  */
| #define PACKAGE_NAME ""
| #define PACKAGE_TARNAME ""
| #define PACKAGE_VERSION ""
| #define PACKAGE_STRING ""
| #define PACKAGE_BUGREPORT ""
| #define inline inline
| #define HAVE___ATTRIBUTE__ 1
| #define STDC_HEADERS 1
| #define HAVE_SYS_TYPES_H 1
| #define HAVE_SYS_STAT_H 1
| #define HAVE_STDLIB_H 1
| #define HAVE_STRING_H 1
| #define HAVE_MEMORY_H 1
| #define HAVE_STRINGS_H 1
| #define HAVE_INTTYPES_H 1
| #define HAVE_STDINT_H 1
| #define HAVE_UNISTD_H 1
| #define HAVE_SYS_BITYPES_H 1
| #define HAVE_FSEEKO 1
| #define HAVE_LIMITS_H 1
| #define HAVE_PATHS_H 1
| #define HAVE_LINUX_TYPES_H 1
| #define HAVE_LINUX_IF_PACKET_H 1
| #define HAVE_NETPACKET_PACKET_H 1
| #define HAVE_NETINET_IF_ETHER_H 1
| #define HAVE_STRERROR 1
| /* end confdefs.h.  */
| /* Define strlcpy to an innocuous variant, in case <limits.h> declares strlcpy.
|    For example, HP-UX 11i <limits.h> declares gettimeofday.  */
| #define strlcpy innocuous_strlcpy
| 
| /* System header to define __stub macros and hopefully few prototypes,
|     which can conflict with char strlcpy (); below.
|     Prefer <limits.h> to <assert.h> if __STDC__ is defined, since
|     <limits.h> exists even on freestanding compilers.  */
| 
| #ifdef __STDC__
| # include <limits.h>
| #else
| # include <assert.h>
| #endif
| 
| #undef strlcpy
| 
| /* Override any GCC internal prototype to avoid an error.
|    Use char because int might match the return type of a GCC
|    builtin and then its argument prototype would still apply.  */
| #ifdef __cplusplus
| extern "C"
| #endif
| char strlcpy ();
| /* The GNU C library defines this for functions which it implements
|     to always fail with ENOSYS.  Some functions are actually named
|     something starting with __ and the normal name is an alias.  */
| #if defined __stub_strlcpy || defined __stub___strlcpy
| choke me
| #endif
| 
| int
| main ()
| {
| return strlcpy ();
|   ;
|   return 0;
| }
configure:6148: result: no
configure:6165: checking for vsnprintf
configure:6221: aarch64-linux-gnu-gcc -o conftest -g -O2   conftest.c  >&5
conftest.c:52:6: warning: conflicting types for built-in function 'vsnprintf'; expected 'int(char *, long unsigned int,  const char *, __va_list)' [-Wbuiltin-declaration-mismatch]
   52 | char vsnprintf ();
      |      ^~~~~~~~~
conftest.c:40:1: note: 'vsnprintf' is declared in header '<stdio.h>'
   39 | # include <limits.h>
   40 | #else
configure:6227: $? = 0
configure:6245: result: yes
configure:6165: checking for snprintf
configure:6221: aarch64-linux-gnu-gcc -o conftest -g -O2   conftest.c  >&5
conftest.c:53:6: warning: conflicting types for built-in function 'snprintf'; expected 'int(char *, long unsigned int,  const char *, ...)' [-Wbuiltin-declaration-mismatch]
   53 | char snprintf ();
      |      ^~~~~~~~
conftest.c:41:1: note: 'snprintf' is declared in header '<stdio.h>'
   40 | # include <limits.h>
   41 | #else
configure:6227: $? = 0
configure:6245: result: yes
configure:6275: checking for library containing gethostbyname
configure:6316: aarch64-linux-gnu-gcc -o conftest -g -O2   conftest.c  >&5
configure:6322: $? = 0
configure:6350: result: none required
configure:6428: checking for library containing socket
configure:6469: aarch64-linux-gnu-gcc -o conftest -g -O2   conftest.c  >&5
configure:6475: $? = 0
configure:6503: result: none required
configure:6578: checking for library containing putmsg
configure:6619: aarch64-linux-gnu-gcc -o conftest -g -O2   conftest.c  >&5
/usr/lib/gcc-cross/aarch64-linux-gnu/11/../../../../aarch64-linux-gnu/bin/ld: /tmp/ccBsVfvN.o: in function `main':
/home/davide/Desktop/libpcap/conftest.c:42: undefined reference to `putmsg'
collect2: error: ld returned 1 exit status
configure:6625: $? = 1
configure: failed program was:
| /* confdefs.h.  */
| #define PACKAGE_NAME ""
| #define PACKAGE_TARNAME ""
| #define PACKAGE_VERSION ""
| #define PACKAGE_STRING ""
| #define PACKAGE_BUGREPORT ""
| #define inline inline
| #define HAVE___ATTRIBUTE__ 1
| #define STDC_HEADERS 1
| #define HAVE_SYS_TYPES_H 1
| #define HAVE_SYS_STAT_H 1
| #define HAVE_STDLIB_H 1
| #define HAVE_STRING_H 1
| #define HAVE_MEMORY_H 1
| #define HAVE_STRINGS_H 1
| #define HAVE_INTTYPES_H 1
| #define HAVE_STDINT_H 1
| #define HAVE_UNISTD_H 1
| #define HAVE_SYS_BITYPES_H 1
| #define HAVE_FSEEKO 1
| #define HAVE_LIMITS_H 1
| #define HAVE_PATHS_H 1
| #define HAVE_LINUX_TYPES_H 1
| #define HAVE_LINUX_IF_PACKET_H 1
| #define HAVE_NETPACKET_PACKET_H 1
| #define HAVE_NETINET_IF_ETHER_H 1
| #define HAVE_STRERROR 1
| #define HAVE_VSNPRINTF 1
| #define HAVE_SNPRINTF 1
| /* end confdefs.h.  */
| 
| /* Override any GCC internal prototype to avoid an error.
|    Use char because int might match the return type of a GCC
|    builtin and then its argument prototype would still apply.  */
| #ifdef __cplusplus
| extern "C"
| #endif
| char putmsg ();
| int
| main ()
| {
| return putmsg ();
|   ;
|   return 0;
| }
configure:6619: aarch64-linux-gnu-gcc -o conftest -g -O2   conftest.c -lstr   >&5
/usr/lib/gcc-cross/aarch64-linux-gnu/11/../../../../aarch64-linux-gnu/bin/ld: cannot find -lstr: No such file or directory
collect2: error: ld returned 1 exit status
configure:6625: $? = 1
configure: failed program was:
| /* confdefs.h.  */
| #define PACKAGE_NAME ""
| #define PACKAGE_TARNAME ""
| #define PACKAGE_VERSION ""
| #define PACKAGE_STRING ""
| #define PACKAGE_BUGREPORT ""
| #define inline inline
| #define HAVE___ATTRIBUTE__ 1
| #define STDC_HEADERS 1
| #define HAVE_SYS_TYPES_H 1
| #define HAVE_SYS_STAT_H 1
| #define HAVE_STDLIB_H 1
| #define HAVE_STRING_H 1
| #define HAVE_MEMORY_H 1
| #define HAVE_STRINGS_H 1
| #define HAVE_INTTYPES_H 1
| #define HAVE_STDINT_H 1
| #define HAVE_UNISTD_H 1
| #define HAVE_SYS_BITYPES_H 1
| #define HAVE_FSEEKO 1
| #define HAVE_LIMITS_H 1
| #define HAVE_PATHS_H 1
| #define HAVE_LINUX_TYPES_H 1
| #define HAVE_LINUX_IF_PACKET_H 1
| #define HAVE_NETPACKET_PACKET_H 1
| #define HAVE_NETINET_IF_ETHER_H 1
| #define HAVE_STRERROR 1
| #define HAVE_VSNPRINTF 1
| #define HAVE_SNPRINTF 1
| /* end confdefs.h.  */
| 
| /* Override any GCC internal prototype to avoid an error.
|    Use char because int might match the return type of a GCC
|    builtin and then its argument prototype would still apply.  */
| #ifdef __cplusplus
| extern "C"
| #endif
| char putmsg ();
| int
| main ()
| {
| return putmsg ();
|   ;
|   return 0;
| }
configure:6653: result: no
configure:6678: checking for ether_hostton
configure:6734: aarch64-linux-gnu-gcc -o conftest -g -O2   conftest.c  >&5
configure:6740: $? = 0
configure:6758: result: yes
configure:6776: checking whether ether_hostton is declared
configure:6815: aarch64-linux-gnu-gcc -c -g -O2  conftest.c >&5
conftest.c: In function 'main':
conftest.c:47:10: error: 'ether_hostton' undeclared (first use in this function)
   47 |   (void) ether_hostton;
      |          ^~~~~~~~~~~~~
conftest.c:47:10: note: each undeclared identifier is reported only once for each function it appears in
configure:6821: $? = 1
configure: failed program was:
| /* confdefs.h.  */
| #define PACKAGE_NAME ""
| #define PACKAGE_TARNAME ""
| #define PACKAGE_VERSION ""
| #define PACKAGE_STRING ""
| #define PACKAGE_BUGREPORT ""
| #define inline inline
| #define HAVE___ATTRIBUTE__ 1
| #define STDC_HEADERS 1
| #define HAVE_SYS_TYPES_H 1
| #define HAVE_SYS_STAT_H 1
| #define HAVE_STDLIB_H 1
| #define HAVE_STRING_H 1
| #define HAVE_MEMORY_H 1
| #define HAVE_STRINGS_H 1
| #define HAVE_INTTYPES_H 1
| #define HAVE_STDINT_H 1
| #define HAVE_UNISTD_H 1
| #define HAVE_SYS_BITYPES_H 1
| #define HAVE_FSEEKO 1
| #define HAVE_LIMITS_H 1
| #define HAVE_PATHS_H 1
| #define HAVE_LINUX_TYPES_H 1
| #define HAVE_LINUX_IF_PACKET_H 1
| #define HAVE_NETPACKET_PACKET_H 1
| #define HAVE_NETINET_IF_ETHER_H 1
| #define HAVE_STRERROR 1
| #define HAVE_VSNPRINTF 1
| #define HAVE_SNPRINTF 1
| #define HAVE_ETHER_HOSTTON 1
| /* end confdefs.h.  */
| 
| #include <sys/types.h>
| #include <sys/socket.h>
| #include <netinet/in.h>
| #include <arpa/inet.h>
| struct mbuf;
| struct rtentry;
| #include <net/if.h>
| #include <netinet/if_ether.h>
| 
| 
| int
| main ()
| {
| #ifndef ether_hostton
|   (void) ether_hostton;
| #endif
| 
|   ;
|   return 0;
| }
configure:6836: result: no
configure:6871: checking netinet/ether.h usability
configure:6888: aarch64-linux-gnu-gcc -c -g -O2  conftest.c >&5
configure:6894: $? = 0
configure:6908: result: yes
configure:6912: checking netinet/ether.h presence
configure:6927: aarch64-linux-gnu-gcc -E  conftest.c
configure:6933: $? = 0
configure:6947: result: yes
configure:6975: checking for netinet/ether.h
configure:6983: result: yes
configure:7004: checking whether ether_hostton is declared
configure:7036: aarch64-linux-gnu-gcc -c -g -O2  conftest.c >&5
configure:7042: $? = 0
configure:7057: result: yes
configure:7165: checking if --disable-protochain option is specified
configure:7185: result: enabled
configure:7221: checking packet capture type
configure:7267: result: linux
configure:7533: checking for linux/wireless.h
configure:7558: aarch64-linux-gnu-gcc -c -g -O2  conftest.c >&5
configure:7564: $? = 0
configure:7580: result: yes
configure:7608: checking for nl_socket_alloc in -lnl-3
configure:7643: aarch64-linux-gnu-gcc -o conftest -g -O2   conftest.c -lnl-3   >&5
/usr/lib/gcc-cross/aarch64-linux-gnu/11/../../../../aarch64-linux-gnu/bin/ld: cannot find -lnl-3: No such file or directory
collect2: error: ld returned 1 exit status
configure:7649: $? = 1
configure: failed program was:
| /* confdefs.h.  */
| #define PACKAGE_NAME ""
| #define PACKAGE_TARNAME ""
| #define PACKAGE_VERSION ""
| #define PACKAGE_STRING ""
| #define PACKAGE_BUGREPORT ""
| #define inline inline
| #define HAVE___ATTRIBUTE__ 1
| #define STDC_HEADERS 1
| #define HAVE_SYS_TYPES_H 1
| #define HAVE_SYS_STAT_H 1
| #define HAVE_STDLIB_H 1
| #define HAVE_STRING_H 1
| #define HAVE_MEMORY_H 1
| #define HAVE_STRINGS_H 1
| #define HAVE_INTTYPES_H 1
| #define HAVE_STDINT_H 1
| #define HAVE_UNISTD_H 1
| #define HAVE_SYS_BITYPES_H 1
| #define HAVE_FSEEKO 1
| #define HAVE_LIMITS_H 1
| #define HAVE_PATHS_H 1
| #define HAVE_LINUX_TYPES_H 1
| #define HAVE_LINUX_IF_PACKET_H 1
| #define HAVE_NETPACKET_PACKET_H 1
| #define HAVE_NETINET_IF_ETHER_H 1
| #define HAVE_STRERROR 1
| #define HAVE_VSNPRINTF 1
| #define HAVE_SNPRINTF 1
| #define HAVE_ETHER_HOSTTON 1
| #define HAVE_NETINET_ETHER_H 1
| #define NETINET_ETHER_H_DECLARES_ETHER_HOSTTON
| #define HAVE_DECL_ETHER_HOSTTON 1
| #define HAVE_LINUX_WIRELESS_H 1
| /* end confdefs.h.  */
| 
| /* Override any GCC internal prototype to avoid an error.
|    Use char because int might match the return type of a GCC
|    builtin and then its argument prototype would still apply.  */
| #ifdef __cplusplus
| extern "C"
| #endif
| char nl_socket_alloc ();
| int
| main ()
| {
| return nl_socket_alloc ();
|   ;
|   return 0;
| }
configure:7667: result: no
configure:7705: checking for nl_socket_alloc in -lnl
configure:7740: aarch64-linux-gnu-gcc -o conftest -g -O2   conftest.c -lnl   >&5
/usr/lib/gcc-cross/aarch64-linux-gnu/11/../../../../aarch64-linux-gnu/bin/ld: cannot find -lnl: No such file or directory
collect2: error: ld returned 1 exit status
configure:7746: $? = 1
configure: failed program was:
| /* confdefs.h.  */
| #define PACKAGE_NAME ""
| #define PACKAGE_TARNAME ""
| #define PACKAGE_VERSION ""
| #define PACKAGE_STRING ""
| #define PACKAGE_BUGREPORT ""
| #define inline inline
| #define HAVE___ATTRIBUTE__ 1
| #define STDC_HEADERS 1
| #define HAVE_SYS_TYPES_H 1
| #define HAVE_SYS_STAT_H 1
| #define HAVE_STDLIB_H 1
| #define HAVE_STRING_H 1
| #define HAVE_MEMORY_H 1
| #define HAVE_STRINGS_H 1
| #define HAVE_INTTYPES_H 1
| #define HAVE_STDINT_H 1
| #define HAVE_UNISTD_H 1
| #define HAVE_SYS_BITYPES_H 1
| #define HAVE_FSEEKO 1
| #define HAVE_LIMITS_H 1
| #define HAVE_PATHS_H 1
| #define HAVE_LINUX_TYPES_H 1
| #define HAVE_LINUX_IF_PACKET_H 1
| #define HAVE_NETPACKET_PACKET_H 1
| #define HAVE_NETINET_IF_ETHER_H 1
| #define HAVE_STRERROR 1
| #define HAVE_VSNPRINTF 1
| #define HAVE_SNPRINTF 1
| #define HAVE_ETHER_HOSTTON 1
| #define HAVE_NETINET_ETHER_H 1
| #define NETINET_ETHER_H_DECLARES_ETHER_HOSTTON
| #define HAVE_DECL_ETHER_HOSTTON 1
| #define HAVE_LINUX_WIRELESS_H 1
| /* end confdefs.h.  */
| 
| /* Override any GCC internal prototype to avoid an error.
|    Use char because int might match the return type of a GCC
|    builtin and then its argument prototype would still apply.  */
| #ifdef __cplusplus
| extern "C"
| #endif
| char nl_socket_alloc ();
| int
| main ()
| {
| return nl_socket_alloc ();
|   ;
|   return 0;
| }
configure:7764: result: no
configure:7802: checking for nl_handle_alloc in -lnl
configure:7837: aarch64-linux-gnu-gcc -o conftest -g -O2   conftest.c -lnl   >&5
/usr/lib/gcc-cross/aarch64-linux-gnu/11/../../../../aarch64-linux-gnu/bin/ld: cannot find -lnl: No such file or directory
collect2: error: ld returned 1 exit status
configure:7843: $? = 1
configure: failed program was:
| /* confdefs.h.  */
| #define PACKAGE_NAME ""
| #define PACKAGE_TARNAME ""
| #define PACKAGE_VERSION ""
| #define PACKAGE_STRING ""
| #define PACKAGE_BUGREPORT ""
| #define inline inline
| #define HAVE___ATTRIBUTE__ 1
| #define STDC_HEADERS 1
| #define HAVE_SYS_TYPES_H 1
| #define HAVE_SYS_STAT_H 1
| #define HAVE_STDLIB_H 1
| #define HAVE_STRING_H 1
| #define HAVE_MEMORY_H 1
| #define HAVE_STRINGS_H 1
| #define HAVE_INTTYPES_H 1
| #define HAVE_STDINT_H 1
| #define HAVE_UNISTD_H 1
| #define HAVE_SYS_BITYPES_H 1
| #define HAVE_FSEEKO 1
| #define HAVE_LIMITS_H 1
| #define HAVE_PATHS_H 1
| #define HAVE_LINUX_TYPES_H 1
| #define HAVE_LINUX_IF_PACKET_H 1
| #define HAVE_NETPACKET_PACKET_H 1
| #define HAVE_NETINET_IF_ETHER_H 1
| #define HAVE_STRERROR 1
| #define HAVE_VSNPRINTF 1
| #define HAVE_SNPRINTF 1
| #define HAVE_ETHER_HOSTTON 1
| #define HAVE_NETINET_ETHER_H 1
| #define NETINET_ETHER_H_DECLARES_ETHER_HOSTTON
| #define HAVE_DECL_ETHER_HOSTTON 1
| #define HAVE_LINUX_WIRELESS_H 1
| /* end confdefs.h.  */
| 
| /* Override any GCC internal prototype to avoid an error.
|    Use char because int might match the return type of a GCC
|    builtin and then its argument prototype would still apply.  */
| #ifdef __cplusplus
| extern "C"
| #endif
| char nl_handle_alloc ();
| int
| main ()
| {
| return nl_handle_alloc ();
|   ;
|   return 0;
| }
configure:7861: result: no
configure:7896: checking for linux/ethtool.h
configure:7920: aarch64-linux-gnu-gcc -c -g -O2  conftest.c >&5
configure:7926: $? = 0
configure:7942: result: yes
configure:7953: checking if if_packet.h has tpacket_stats defined
configure:7980: aarch64-linux-gnu-gcc -c -g -O2  conftest.c >&5
configure:7986: $? = 0
configure:8002: result: yes
configure:8011: checking if tpacket_auxdata struct has tp_vlan_tci member
configure:8039: aarch64-linux-gnu-gcc -c -g -O2  conftest.c >&5
configure:8045: $? = 0
configure:8061: result: yes
configure:8378: checking for getifaddrs
configure:8434: aarch64-linux-gnu-gcc -o conftest -g -O2   conftest.c  >&5
configure:8440: $? = 0
configure:8457: result: yes
configure:8475: checking ifaddrs.h usability
configure:8492: aarch64-linux-gnu-gcc -c -g -O2  conftest.c >&5
configure:8498: $? = 0
configure:8512: result: yes
configure:8516: checking ifaddrs.h presence
configure:8531: aarch64-linux-gnu-gcc -E  conftest.c
configure:8537: $? = 0
configure:8551: result: yes
configure:8579: checking for ifaddrs.h
configure:8586: result: yes
configure:8858: checking for socklen_t
configure:8884: aarch64-linux-gnu-gcc -c -g -O2  conftest.c >&5
configure:8890: $? = 0
configure:8911: result: yes
configure:8922: checking for getaddrinfo
configure:8978: aarch64-linux-gnu-gcc -o conftest -g -O2   conftest.c  >&5
configure:8984: $? = 0
configure:9001: result: yes
configure:9025: checking whether to build optimizer debugging code
configure:9039: result: no
configure:9042: checking whether to build parser debugging code
configure:9056: result: no
configure:9137: checking whether we have DAG API headers
configure:9160: result: no (/usr/local/include)
configure:9479: checking whether we have the DAG API
configure:9483: result: no
configure:9556: checking whether we have Septel API
configure:9578: result: no
configure:9679: checking whether we have Myricom Sniffer API
configure:9697: result: no (/opt/snf)
configure:9825: checking for flex
configure:9841: found /usr/bin/flex
configure:9852: result: flex
configure:9867: checking for flex 2.4 or higher
configure:9879: result: yes
configure:9895: checking for bison
configure:9911: found /usr/bin/bison
configure:9922: result: bison
configure:10261: checking for x86_64-unknown-linux-gnu-ranlib
configure:10288: result: aarch64-linux-gnu-ranlib
configure:10357: checking for x86_64-unknown-linux-gnu-ar
configure:10384: result: aarch64-linux-gnu-ar
configure:10492: checking if sockaddr struct has the sa_len member
configure:10520: aarch64-linux-gnu-gcc -c -g -O2  conftest.c >&5
conftest.c: In function 'main':
conftest.c:47:40: error: 'struct sockaddr' has no member named 'sa_len'
   47 | u_int i = sizeof(((struct sockaddr *)0)->sa_len)
      |                                        ^~
configure:10526: $? = 1
configure: failed program was:
| /* confdefs.h.  */
| #define PACKAGE_NAME ""
| #define PACKAGE_TARNAME ""
| #define PACKAGE_VERSION ""
| #define PACKAGE_STRING ""
| #define PACKAGE_BUGREPORT ""
| #define inline inline
| #define HAVE___ATTRIBUTE__ 1
| #define STDC_HEADERS 1
| #define HAVE_SYS_TYPES_H 1
| #define HAVE_SYS_STAT_H 1
| #define HAVE_STDLIB_H 1
| #define HAVE_STRING_H 1
| #define HAVE_MEMORY_H 1
| #define HAVE_STRINGS_H 1
| #define HAVE_INTTYPES_H 1
| #define HAVE_STDINT_H 1
| #define HAVE_UNISTD_H 1
| #define HAVE_SYS_BITYPES_H 1
| #define HAVE_FSEEKO 1
| #define HAVE_LIMITS_H 1
| #define HAVE_PATHS_H 1
| #define HAVE_LINUX_TYPES_H 1
| #define HAVE_LINUX_IF_PACKET_H 1
| #define HAVE_NETPACKET_PACKET_H 1
| #define HAVE_NETINET_IF_ETHER_H 1
| #define HAVE_STRERROR 1
| #define HAVE_VSNPRINTF 1
| #define HAVE_SNPRINTF 1
| #define HAVE_ETHER_HOSTTON 1
| #define HAVE_NETINET_ETHER_H 1
| #define NETINET_ETHER_H_DECLARES_ETHER_HOSTTON
| #define HAVE_DECL_ETHER_HOSTTON 1
| #define HAVE_LINUX_WIRELESS_H 1
| #define HAVE_LINUX_ETHTOOL_H 1
| #define HAVE_TPACKET_STATS 1
| #define HAVE_LINUX_TPACKET_AUXDATA_TP_VLAN_TCI 1
| #define HAVE_SOCKLEN_T 1
| #define INET6 1
| /* end confdefs.h.  */
| 
| #	include <sys/types.h>
| #	include <sys/socket.h>
| int
| main ()
| {
| u_int i = sizeof(((struct sockaddr *)0)->sa_len)
|   ;
|   return 0;
| }
configure:10542: result: no
configure:10552: checking if sockaddr_storage struct exists
configure:10580: aarch64-linux-gnu-gcc -c -g -O2  conftest.c >&5
configure:10586: $? = 0
configure:10602: result: yes
configure:10612: checking if dl_hp_ppa_info_t struct has dl_module_id_1 member
configure:10641: aarch64-linux-gnu-gcc -c -g -O2  conftest.c >&5
conftest.c:44:17: fatal error: sys/dlpi.h: No such file or directory
   44 | #       include <sys/dlpi.h>
      |                 ^~~~~~~~~~~~
compilation terminated.
configure:10647: $? = 1
configure: failed program was:
| /* confdefs.h.  */
| #define PACKAGE_NAME ""
| #define PACKAGE_TARNAME ""
| #define PACKAGE_VERSION ""
| #define PACKAGE_STRING ""
| #define PACKAGE_BUGREPORT ""
| #define inline inline
| #define HAVE___ATTRIBUTE__ 1
| #define STDC_HEADERS 1
| #define HAVE_SYS_TYPES_H 1
| #define HAVE_SYS_STAT_H 1
| #define HAVE_STDLIB_H 1
| #define HAVE_STRING_H 1
| #define HAVE_MEMORY_H 1
| #define HAVE_STRINGS_H 1
| #define HAVE_INTTYPES_H 1
| #define HAVE_STDINT_H 1
| #define HAVE_UNISTD_H 1
| #define HAVE_SYS_BITYPES_H 1
| #define HAVE_FSEEKO 1
| #define HAVE_LIMITS_H 1
| #define HAVE_PATHS_H 1
| #define HAVE_LINUX_TYPES_H 1
| #define HAVE_LINUX_IF_PACKET_H 1
| #define HAVE_NETPACKET_PACKET_H 1
| #define HAVE_NETINET_IF_ETHER_H 1
| #define HAVE_STRERROR 1
| #define HAVE_VSNPRINTF 1
| #define HAVE_SNPRINTF 1
| #define HAVE_ETHER_HOSTTON 1
| #define HAVE_NETINET_ETHER_H 1
| #define NETINET_ETHER_H_DECLARES_ETHER_HOSTTON
| #define HAVE_DECL_ETHER_HOSTTON 1
| #define HAVE_LINUX_WIRELESS_H 1
| #define HAVE_LINUX_ETHTOOL_H 1
| #define HAVE_TPACKET_STATS 1
| #define HAVE_LINUX_TPACKET_AUXDATA_TP_VLAN_TCI 1
| #define HAVE_SOCKLEN_T 1
| #define INET6 1
| #define HAVE_SOCKADDR_STORAGE 1
| /* end confdefs.h.  */
| 
| #	include <sys/types.h>
| #	include <sys/dlpi.h>
| #	include <sys/dlpi_ext.h>
| int
| main ()
| {
| u_int i = sizeof(((dl_hp_ppa_info_t *)0)->dl_module_id_1)
|   ;
|   return 0;
| }
configure:10663: result: no
configure:10673: checking if unaligned accesses fail
configure:10760: result: yes
configure:10801: checking for USB sniffing support
configure:10811: result: yes
configure:10822: Device for USB sniffing is /dev/usbmon
configure:10843: checking linux/compiler.h usability
configure:10860: aarch64-linux-gnu-gcc -c -g -O2  conftest.c >&5
conftest.c:79:10: fatal error: linux/compiler.h: No such file or directory
   79 | #include <linux/compiler.h>
      |          ^~~~~~~~~~~~~~~~~~
compilation terminated.
configure:10866: $? = 1
configure: failed program was:
| /* confdefs.h.  */
| #define PACKAGE_NAME ""
| #define PACKAGE_TARNAME ""
| #define PACKAGE_VERSION ""
| #define PACKAGE_STRING ""
| #define PACKAGE_BUGREPORT ""
| #define inline inline
| #define HAVE___ATTRIBUTE__ 1
| #define STDC_HEADERS 1
| #define HAVE_SYS_TYPES_H 1
| #define HAVE_SYS_STAT_H 1
| #define HAVE_STDLIB_H 1
| #define HAVE_STRING_H 1
| #define HAVE_MEMORY_H 1
| #define HAVE_STRINGS_H 1
| #define HAVE_INTTYPES_H 1
| #define HAVE_STDINT_H 1
| #define HAVE_UNISTD_H 1
| #define HAVE_SYS_BITYPES_H 1
| #define HAVE_FSEEKO 1
| #define HAVE_LIMITS_H 1
| #define HAVE_PATHS_H 1
| #define HAVE_LINUX_TYPES_H 1
| #define HAVE_LINUX_IF_PACKET_H 1
| #define HAVE_NETPACKET_PACKET_H 1
| #define HAVE_NETINET_IF_ETHER_H 1
| #define HAVE_STRERROR 1
| #define HAVE_VSNPRINTF 1
| #define HAVE_SNPRINTF 1
| #define HAVE_ETHER_HOSTTON 1
| #define HAVE_NETINET_ETHER_H 1
| #define NETINET_ETHER_H_DECLARES_ETHER_HOSTTON
| #define HAVE_DECL_ETHER_HOSTTON 1
| #define HAVE_LINUX_WIRELESS_H 1
| #define HAVE_LINUX_ETHTOOL_H 1
| #define HAVE_TPACKET_STATS 1
| #define HAVE_LINUX_TPACKET_AUXDATA_TP_VLAN_TCI 1
| #define HAVE_SOCKLEN_T 1
| #define INET6 1
| #define HAVE_SOCKADDR_STORAGE 1
| #define LBL_ALIGN 1
| #define HAVE_VERSION_H 1
| #define PCAP_SUPPORT_USB 1
| #define LINUX_USB_MON_DEV "/dev/usbmon"
| /* end confdefs.h.  */
| #include <stdio.h>
| #ifdef HAVE_SYS_TYPES_H
| # include <sys/types.h>
| #endif
| #ifdef HAVE_SYS_STAT_H
| # include <sys/stat.h>
| #endif
| #ifdef STDC_HEADERS
| # include <stdlib.h>
| # include <stddef.h>
| #else
| # ifdef HAVE_STDLIB_H
| #  include <stdlib.h>
| # endif
| #endif
| #ifdef HAVE_STRING_H
| # if !defined STDC_HEADERS && defined HAVE_MEMORY_H
| #  include <memory.h>
| # endif
| # include <string.h>
| #endif
| #ifdef HAVE_STRINGS_H
| # include <strings.h>
| #endif
| #ifdef HAVE_INTTYPES_H
| # include <inttypes.h>
| #endif
| #ifdef HAVE_STDINT_H
| # include <stdint.h>
| #endif
| #ifdef HAVE_UNISTD_H
| # include <unistd.h>
| #endif
| #include <linux/compiler.h>
configure:10880: result: no
configure:10884: checking linux/compiler.h presence
configure:10899: aarch64-linux-gnu-gcc -E  conftest.c
conftest.c:46:10: fatal error: linux/compiler.h: No such file or directory
   46 | #include <linux/compiler.h>
      |          ^~~~~~~~~~~~~~~~~~
compilation terminated.
configure:10905: $? = 1
configure: failed program was:
| /* confdefs.h.  */
| #define PACKAGE_NAME ""
| #define PACKAGE_TARNAME ""
| #define PACKAGE_VERSION ""
| #define PACKAGE_STRING ""
| #define PACKAGE_BUGREPORT ""
| #define inline inline
| #define HAVE___ATTRIBUTE__ 1
| #define STDC_HEADERS 1
| #define HAVE_SYS_TYPES_H 1
| #define HAVE_SYS_STAT_H 1
| #define HAVE_STDLIB_H 1
| #define HAVE_STRING_H 1
| #define HAVE_MEMORY_H 1
| #define HAVE_STRINGS_H 1
| #define HAVE_INTTYPES_H 1
| #define HAVE_STDINT_H 1
| #define HAVE_UNISTD_H 1
| #define HAVE_SYS_BITYPES_H 1
| #define HAVE_FSEEKO 1
| #define HAVE_LIMITS_H 1
| #define HAVE_PATHS_H 1
| #define HAVE_LINUX_TYPES_H 1
| #define HAVE_LINUX_IF_PACKET_H 1
| #define HAVE_NETPACKET_PACKET_H 1
| #define HAVE_NETINET_IF_ETHER_H 1
| #define HAVE_STRERROR 1
| #define HAVE_VSNPRINTF 1
| #define HAVE_SNPRINTF 1
| #define HAVE_ETHER_HOSTTON 1
| #define HAVE_NETINET_ETHER_H 1
| #define NETINET_ETHER_H_DECLARES_ETHER_HOSTTON
| #define HAVE_DECL_ETHER_HOSTTON 1
| #define HAVE_LINUX_WIRELESS_H 1
| #define HAVE_LINUX_ETHTOOL_H 1
| #define HAVE_TPACKET_STATS 1
| #define HAVE_LINUX_TPACKET_AUXDATA_TP_VLAN_TCI 1
| #define HAVE_SOCKLEN_T 1
| #define INET6 1
| #define HAVE_SOCKADDR_STORAGE 1
| #define LBL_ALIGN 1
| #define HAVE_VERSION_H 1
| #define PCAP_SUPPORT_USB 1
| #define LINUX_USB_MON_DEV "/dev/usbmon"
| /* end confdefs.h.  */
| #include <linux/compiler.h>
configure:10919: result: no
configure:10947: checking for linux/compiler.h
configure:10955: result: no
configure:11046: checking linux/usbdevice_fs.h usability
configure:11063: aarch64-linux-gnu-gcc -c -g -O2  conftest.c >&5
configure:11069: $? = 0
configure:11083: result: yes
configure:11087: checking linux/usbdevice_fs.h presence
configure:11102: aarch64-linux-gnu-gcc -E  conftest.c
configure:11108: $? = 0
configure:11122: result: yes
configure:11150: checking for linux/usbdevice_fs.h
configure:11158: result: yes
configure:11179: checking if usbdevfs_ctrltransfer struct has bRequestType member
configure:11213: aarch64-linux-gnu-gcc -c -g -O2  conftest.c >&5
configure:11219: $? = 0
configure:11235: result: yes
configure:11254: checking whether the platform could support netfilter sniffing
configure:11258: result: yes
configure:11268: checking whether we can compile the netfilter support
configure:11304: aarch64-linux-gnu-gcc -c -g -O2  conftest.c >&5
configure:11310: $? = 0
configure:11326: result: yes
configure:11366: checking bluetooth/bluetooth.h usability
configure:11383: aarch64-linux-gnu-gcc -c -g -O2  conftest.c >&5
conftest.c:82:10: fatal error: bluetooth/bluetooth.h: No such file or directory
   82 | #include <bluetooth/bluetooth.h>
      |          ^~~~~~~~~~~~~~~~~~~~~~~
compilation terminated.
configure:11389: $? = 1
configure: failed program was:
| /* confdefs.h.  */
| #define PACKAGE_NAME ""
| #define PACKAGE_TARNAME ""
| #define PACKAGE_VERSION ""
| #define PACKAGE_STRING ""
| #define PACKAGE_BUGREPORT ""
| #define inline inline
| #define HAVE___ATTRIBUTE__ 1
| #define STDC_HEADERS 1
| #define HAVE_SYS_TYPES_H 1
| #define HAVE_SYS_STAT_H 1
| #define HAVE_STDLIB_H 1
| #define HAVE_STRING_H 1
| #define HAVE_MEMORY_H 1
| #define HAVE_STRINGS_H 1
| #define HAVE_INTTYPES_H 1
| #define HAVE_STDINT_H 1
| #define HAVE_UNISTD_H 1
| #define HAVE_SYS_BITYPES_H 1
| #define HAVE_FSEEKO 1
| #define HAVE_LIMITS_H 1
| #define HAVE_PATHS_H 1
| #define HAVE_LINUX_TYPES_H 1
| #define HAVE_LINUX_IF_PACKET_H 1
| #define HAVE_NETPACKET_PACKET_H 1
| #define HAVE_NETINET_IF_ETHER_H 1
| #define HAVE_STRERROR 1
| #define HAVE_VSNPRINTF 1
| #define HAVE_SNPRINTF 1
| #define HAVE_ETHER_HOSTTON 1
| #define HAVE_NETINET_ETHER_H 1
| #define NETINET_ETHER_H_DECLARES_ETHER_HOSTTON
| #define HAVE_DECL_ETHER_HOSTTON 1
| #define HAVE_LINUX_WIRELESS_H 1
| #define HAVE_LINUX_ETHTOOL_H 1
| #define HAVE_TPACKET_STATS 1
| #define HAVE_LINUX_TPACKET_AUXDATA_TP_VLAN_TCI 1
| #define HAVE_SOCKLEN_T 1
| #define INET6 1
| #define HAVE_SOCKADDR_STORAGE 1
| #define LBL_ALIGN 1
| #define HAVE_VERSION_H 1
| #define PCAP_SUPPORT_USB 1
| #define LINUX_USB_MON_DEV "/dev/usbmon"
| #define HAVE_LINUX_USBDEVICE_FS_H 1
| #define HAVE_USBDEVFS_CTRLTRANSFER_BREQUESTTYPE 1
| #define PCAP_SUPPORT_NETFILTER 1
| /* end confdefs.h.  */
| #include <stdio.h>
| #ifdef HAVE_SYS_TYPES_H
| # include <sys/types.h>
| #endif
| #ifdef HAVE_SYS_STAT_H
| # include <sys/stat.h>
| #endif
| #ifdef STDC_HEADERS
| # include <stdlib.h>
| # include <stddef.h>
| #else
| # ifdef HAVE_STDLIB_H
| #  include <stdlib.h>
| # endif
| #endif
| #ifdef HAVE_STRING_H
| # if !defined STDC_HEADERS && defined HAVE_MEMORY_H
| #  include <memory.h>
| # endif
| # include <string.h>
| #endif
| #ifdef HAVE_STRINGS_H
| # include <strings.h>
| #endif
| #ifdef HAVE_INTTYPES_H
| # include <inttypes.h>
| #endif
| #ifdef HAVE_STDINT_H
| # include <stdint.h>
| #endif
| #ifdef HAVE_UNISTD_H
| # include <unistd.h>
| #endif
| #include <bluetooth/bluetooth.h>
configure:11403: result: no
configure:11407: checking bluetooth/bluetooth.h presence
configure:11422: aarch64-linux-gnu-gcc -E  conftest.c
conftest.c:49:10: fatal error: bluetooth/bluetooth.h: No such file or directory
   49 | #include <bluetooth/bluetooth.h>
      |          ^~~~~~~~~~~~~~~~~~~~~~~
compilation terminated.
configure:11428: $? = 1
configure: failed program was:
| /* confdefs.h.  */
| #define PACKAGE_NAME ""
| #define PACKAGE_TARNAME ""
| #define PACKAGE_VERSION ""
| #define PACKAGE_STRING ""
| #define PACKAGE_BUGREPORT ""
| #define inline inline
| #define HAVE___ATTRIBUTE__ 1
| #define STDC_HEADERS 1
| #define HAVE_SYS_TYPES_H 1
| #define HAVE_SYS_STAT_H 1
| #define HAVE_STDLIB_H 1
| #define HAVE_STRING_H 1
| #define HAVE_MEMORY_H 1
| #define HAVE_STRINGS_H 1
| #define HAVE_INTTYPES_H 1
| #define HAVE_STDINT_H 1
| #define HAVE_UNISTD_H 1
| #define HAVE_SYS_BITYPES_H 1
| #define HAVE_FSEEKO 1
| #define HAVE_LIMITS_H 1
| #define HAVE_PATHS_H 1
| #define HAVE_LINUX_TYPES_H 1
| #define HAVE_LINUX_IF_PACKET_H 1
| #define HAVE_NETPACKET_PACKET_H 1
| #define HAVE_NETINET_IF_ETHER_H 1
| #define HAVE_STRERROR 1
| #define HAVE_VSNPRINTF 1
| #define HAVE_SNPRINTF 1
| #define HAVE_ETHER_HOSTTON 1
| #define HAVE_NETINET_ETHER_H 1
| #define NETINET_ETHER_H_DECLARES_ETHER_HOSTTON
| #define HAVE_DECL_ETHER_HOSTTON 1
| #define HAVE_LINUX_WIRELESS_H 1
| #define HAVE_LINUX_ETHTOOL_H 1
| #define HAVE_TPACKET_STATS 1
| #define HAVE_LINUX_TPACKET_AUXDATA_TP_VLAN_TCI 1
| #define HAVE_SOCKLEN_T 1
| #define INET6 1
| #define HAVE_SOCKADDR_STORAGE 1
| #define LBL_ALIGN 1
| #define HAVE_VERSION_H 1
| #define PCAP_SUPPORT_USB 1
| #define LINUX_USB_MON_DEV "/dev/usbmon"
| #define HAVE_LINUX_USBDEVICE_FS_H 1
| #define HAVE_USBDEVFS_CTRLTRANSFER_BREQUESTTYPE 1
| #define PCAP_SUPPORT_NETFILTER 1
| /* end confdefs.h.  */
| #include <bluetooth/bluetooth.h>
configure:11442: result: no
configure:11470: checking for bluetooth/bluetooth.h
configure:11477: result: no
configure:11558: Bluetooth sniffing is not supported; install bluez-lib devel to enable it
configure:11595: checking libusb-1.0/libusb.h usability
configure:11612: aarch64-linux-gnu-gcc -c -g -O2  conftest.c >&5
conftest.c:82:10: fatal error: libusb-1.0/libusb.h: No such file or directory
   82 | #include <libusb-1.0/libusb.h>
      |          ^~~~~~~~~~~~~~~~~~~~~
compilation terminated.
configure:11618: $? = 1
configure: failed program was:
| /* confdefs.h.  */
| #define PACKAGE_NAME ""
| #define PACKAGE_TARNAME ""
| #define PACKAGE_VERSION ""
| #define PACKAGE_STRING ""
| #define PACKAGE_BUGREPORT ""
| #define inline inline
| #define HAVE___ATTRIBUTE__ 1
| #define STDC_HEADERS 1
| #define HAVE_SYS_TYPES_H 1
| #define HAVE_SYS_STAT_H 1
| #define HAVE_STDLIB_H 1
| #define HAVE_STRING_H 1
| #define HAVE_MEMORY_H 1
| #define HAVE_STRINGS_H 1
| #define HAVE_INTTYPES_H 1
| #define HAVE_STDINT_H 1
| #define HAVE_UNISTD_H 1
| #define HAVE_SYS_BITYPES_H 1
| #define HAVE_FSEEKO 1
| #define HAVE_LIMITS_H 1
| #define HAVE_PATHS_H 1
| #define HAVE_LINUX_TYPES_H 1
| #define HAVE_LINUX_IF_PACKET_H 1
| #define HAVE_NETPACKET_PACKET_H 1
| #define HAVE_NETINET_IF_ETHER_H 1
| #define HAVE_STRERROR 1
| #define HAVE_VSNPRINTF 1
| #define HAVE_SNPRINTF 1
| #define HAVE_ETHER_HOSTTON 1
| #define HAVE_NETINET_ETHER_H 1
| #define NETINET_ETHER_H_DECLARES_ETHER_HOSTTON
| #define HAVE_DECL_ETHER_HOSTTON 1
| #define HAVE_LINUX_WIRELESS_H 1
| #define HAVE_LINUX_ETHTOOL_H 1
| #define HAVE_TPACKET_STATS 1
| #define HAVE_LINUX_TPACKET_AUXDATA_TP_VLAN_TCI 1
| #define HAVE_SOCKLEN_T 1
| #define INET6 1
| #define HAVE_SOCKADDR_STORAGE 1
| #define LBL_ALIGN 1
| #define HAVE_VERSION_H 1
| #define PCAP_SUPPORT_USB 1
| #define LINUX_USB_MON_DEV "/dev/usbmon"
| #define HAVE_LINUX_USBDEVICE_FS_H 1
| #define HAVE_USBDEVFS_CTRLTRANSFER_BREQUESTTYPE 1
| #define PCAP_SUPPORT_NETFILTER 1
| /* end confdefs.h.  */
| #include <stdio.h>
| #ifdef HAVE_SYS_TYPES_H
| # include <sys/types.h>
| #endif
| #ifdef HAVE_SYS_STAT_H
| # include <sys/stat.h>
| #endif
| #ifdef STDC_HEADERS
| # include <stdlib.h>
| # include <stddef.h>
| #else
| # ifdef HAVE_STDLIB_H
| #  include <stdlib.h>
| # endif
| #endif
| #ifdef HAVE_STRING_H
| # if !defined STDC_HEADERS && defined HAVE_MEMORY_H
| #  include <memory.h>
| # endif
| # include <string.h>
| #endif
| #ifdef HAVE_STRINGS_H
| # include <strings.h>
| #endif
| #ifdef HAVE_INTTYPES_H
| # include <inttypes.h>
| #endif
| #ifdef HAVE_STDINT_H
| # include <stdint.h>
| #endif
| #ifdef HAVE_UNISTD_H
| # include <unistd.h>
| #endif
| #include <libusb-1.0/libusb.h>
configure:11632: result: no
configure:11636: checking libusb-1.0/libusb.h presence
configure:11651: aarch64-linux-gnu-gcc -E  conftest.c
conftest.c:49:10: fatal error: libusb-1.0/libusb.h: No such file or directory
   49 | #include <libusb-1.0/libusb.h>
      |          ^~~~~~~~~~~~~~~~~~~~~
compilation terminated.
configure:11657: $? = 1
configure: failed program was:
| /* confdefs.h.  */
| #define PACKAGE_NAME ""
| #define PACKAGE_TARNAME ""
| #define PACKAGE_VERSION ""
| #define PACKAGE_STRING ""
| #define PACKAGE_BUGREPORT ""
| #define inline inline
| #define HAVE___ATTRIBUTE__ 1
| #define STDC_HEADERS 1
| #define HAVE_SYS_TYPES_H 1
| #define HAVE_SYS_STAT_H 1
| #define HAVE_STDLIB_H 1
| #define HAVE_STRING_H 1
| #define HAVE_MEMORY_H 1
| #define HAVE_STRINGS_H 1
| #define HAVE_INTTYPES_H 1
| #define HAVE_STDINT_H 1
| #define HAVE_UNISTD_H 1
| #define HAVE_SYS_BITYPES_H 1
| #define HAVE_FSEEKO 1
| #define HAVE_LIMITS_H 1
| #define HAVE_PATHS_H 1
| #define HAVE_LINUX_TYPES_H 1
| #define HAVE_LINUX_IF_PACKET_H 1
| #define HAVE_NETPACKET_PACKET_H 1
| #define HAVE_NETINET_IF_ETHER_H 1
| #define HAVE_STRERROR 1
| #define HAVE_VSNPRINTF 1
| #define HAVE_SNPRINTF 1
| #define HAVE_ETHER_HOSTTON 1
| #define HAVE_NETINET_ETHER_H 1
| #define NETINET_ETHER_H_DECLARES_ETHER_HOSTTON
| #define HAVE_DECL_ETHER_HOSTTON 1
| #define HAVE_LINUX_WIRELESS_H 1
| #define HAVE_LINUX_ETHTOOL_H 1
| #define HAVE_TPACKET_STATS 1
| #define HAVE_LINUX_TPACKET_AUXDATA_TP_VLAN_TCI 1
| #define HAVE_SOCKLEN_T 1
| #define INET6 1
| #define HAVE_SOCKADDR_STORAGE 1
| #define LBL_ALIGN 1
| #define HAVE_VERSION_H 1
| #define PCAP_SUPPORT_USB 1
| #define LINUX_USB_MON_DEV "/dev/usbmon"
| #define HAVE_LINUX_USBDEVICE_FS_H 1
| #define HAVE_USBDEVFS_CTRLTRANSFER_BREQUESTTYPE 1
| #define PCAP_SUPPORT_NETFILTER 1
| /* end confdefs.h.  */
| #include <libusb-1.0/libusb.h>
configure:11671: result: no
configure:11699: checking for libusb-1.0/libusb.h
configure:11706: result: no
configure:11723: canusb sniffing is not supported; install libusb1.0 lib devel to enable it
configure:11750: checking for linux/can.h
configure:11772: aarch64-linux-gnu-gcc -c -g -O2  conftest.c >&5
configure:11778: $? = 0
configure:11793: result: yes
configure:11802: CAN sniffing is supported
configure:11837: checking linux/net_tstamp.h usability
configure:11854: aarch64-linux-gnu-gcc -c -g -O2  conftest.c >&5
configure:11860: $? = 0
configure:11874: result: yes
configure:11878: checking linux/net_tstamp.h presence
configure:11893: aarch64-linux-gnu-gcc -E  conftest.c
configure:11899: $? = 0
configure:11913: result: yes
configure:11941: checking for linux/net_tstamp.h
configure:11949: result: yes
configure:11982: checking for a BSD-compatible install
configure:12038: result: /usr/bin/install -c
configure:12147: creating ./config.status

## ---------------------- ##
## Running config.status. ##
## ---------------------- ##

This file was extended by config.status, which was
generated by GNU Autoconf 2.61.  Invocation command line was

  CONFIG_FILES    = 
  CONFIG_HEADERS  = 
  CONFIG_LINKS    = 
  CONFIG_COMMANDS = 
  $ ./config.status 

on davide-virtual-machine

config.status:651: creating Makefile
config.status:651: creating pcap-filter.manmisc
config.status:651: creating pcap-linktype.manmisc
config.status:651: creating pcap-tstamp.manmisc
config.status:651: creating pcap-savefile.manfile
config.status:651: creating pcap.3pcap
config.status:651: creating pcap_compile.3pcap
config.status:651: creating pcap_datalink.3pcap
config.status:651: creating pcap_dump_open.3pcap
config.status:651: creating pcap_list_datalinks.3pcap
config.status:651: creating pcap_list_tstamp_types.3pcap
config.status:651: creating pcap_open_dead.3pcap
config.status:651: creating pcap_open_offline.3pcap
config.status:651: creating pcap_set_tstamp_type.3pcap
config.status:651: creating config.h

## ---------------- ##
## Cache variables. ##
## ---------------- ##

ac_cv___attribute__=yes
ac_cv_build=x86_64-unknown-linux-gnu
ac_cv_c_compiler_gnu=yes
ac_cv_env_CC_set=set
ac_cv_env_CC_value=aarch64-linux-gnu-gcc
ac_cv_env_CFLAGS_set=
ac_cv_env_CFLAGS_value=
ac_cv_env_CPPFLAGS_set=
ac_cv_env_CPPFLAGS_value=
ac_cv_env_CPP_set=
ac_cv_env_CPP_value=
ac_cv_env_LDFLAGS_set=
ac_cv_env_LDFLAGS_value=
ac_cv_env_LIBS_set=
ac_cv_env_LIBS_value=
ac_cv_env_build_alias_set=
ac_cv_env_build_alias_value=
ac_cv_env_host_alias_set=set
ac_cv_env_host_alias_value=x86_64-unknown-linux-gnu
ac_cv_env_target_alias_set=
ac_cv_env_target_alias_value=
ac_cv_func_ether_hostton=yes
ac_cv_func_getaddrinfo=yes
ac_cv_func_getifaddrs=yes
ac_cv_func_snprintf=yes
ac_cv_func_strerror=yes
ac_cv_func_strlcpy=no
ac_cv_func_vsnprintf=yes
ac_cv_have_decl_ether_hostton=yes
ac_cv_header_bluetooth_bluetooth_h=no
ac_cv_header_ifaddrs_h=yes
ac_cv_header_inttypes_h=yes
ac_cv_header_libusb_1_0_libusb_h=no
ac_cv_header_limits_h=yes
ac_cv_header_linux_can_h=yes
ac_cv_header_linux_compiler_h=no
ac_cv_header_linux_ethtool_h=yes
ac_cv_header_linux_if_packet_h=yes
ac_cv_header_linux_net_tstamp_h=yes
ac_cv_header_linux_types_h=yes
ac_cv_header_linux_usbdevice_fs_h=yes
ac_cv_header_linux_wireless_h=yes
ac_cv_header_memory_h=yes
ac_cv_header_net_pfvar_h=no
ac_cv_header_netinet_ether_h=yes
ac_cv_header_netinet_if_ether_h=yes
ac_cv_header_netpacket_if_packet_h=no
ac_cv_header_netpacket_packet_h=yes
ac_cv_header_paths_h=yes
ac_cv_header_stdc=yes
ac_cv_header_stdint_h=yes
ac_cv_header_stdlib_h=yes
ac_cv_header_string_h=yes
ac_cv_header_strings_h=yes
ac_cv_header_sys_bitypes_h=yes
ac_cv_header_sys_ioccom_h=no
ac_cv_header_sys_sockio_h=no
ac_cv_header_sys_stat_h=yes
ac_cv_header_sys_types_h=yes
ac_cv_header_unistd_h=yes
ac_cv_host=x86_64-unknown-linux-gnu
ac_cv_lbl_dag_api=no
ac_cv_lbl_dl_hp_ppa_info_t_has_dl_module_id_1=no
ac_cv_lbl_flex_v24=yes
ac_cv_lbl_gcc_fixincludes=yes
ac_cv_lbl_gcc_vers=11
ac_cv_lbl_has_sockaddr_storage=yes
ac_cv_lbl_inline=inline
ac_cv_lbl_linux_tpacket_auxdata_tp_vlan_tci=yes
ac_cv_lbl_septel_api=no
ac_cv_lbl_snf_api=no
ac_cv_lbl_sockaddr_has_sa_len=no
ac_cv_lbl_tpacket_stats=yes
ac_cv_lbl_unaligned_fail=yes
ac_cv_lib_nl_3_nl_socket_alloc=no
ac_cv_lib_nl_nl_handle_alloc=no
ac_cv_lib_nl_nl_socket_alloc=no
ac_cv_netfilter_can_compile=yes
ac_cv_objext=o
ac_cv_path_EGREP='/usr/bin/grep -E'
ac_cv_path_GREP=/usr/bin/grep
ac_cv_path_install='/usr/bin/install -c'
ac_cv_prog_AR=aarch64-linux-gnu-ar
ac_cv_prog_CC=aarch64-linux-gnu-gcc
ac_cv_prog_CPP='aarch64-linux-gnu-gcc -E'
ac_cv_prog_RANLIB=aarch64-linux-gnu-ranlib
ac_cv_prog_V_LEX=flex
ac_cv_prog_V_YACC=bison
ac_cv_prog_cc_c89=
ac_cv_prog_cc_g=yes
ac_cv_search_gethostbyname='none required'
ac_cv_search_putmsg=no
ac_cv_search_socket='none required'
ac_cv_sys_file_offset_bits=no
ac_cv_sys_largefile_CC=no
ac_cv_sys_largefile_source=no
ac_cv_target=x86_64-unknown-linux-gnu
ac_cv_type_int16_t=yes
ac_cv_type_int32_t=yes
ac_cv_type_int64_t=yes
ac_cv_type_int8_t=yes
ac_cv_type_u_int16_t=yes
ac_cv_type_u_int32_t=yes
ac_cv_type_u_int64_t=yes
ac_cv_type_u_int8_t=yes
ac_cv_usbdevfs_ctrltransfer_has_bRequestType=yes

## ----------------- ##
## Output variables. ##
## ----------------- ##

ADDLARCHIVEOBJS=''
ADDLOBJS=''
AR='aarch64-linux-gnu-ar'
BT_SRC=''
CANUSB_SRC=''
CAN_SRC='pcap-can-linux.c'
CC='aarch64-linux-gnu-gcc'
CFLAGS='-g -O2'
CPP='aarch64-linux-gnu-gcc -E'
CPPFLAGS=''
DEFS='-DHAVE_CONFIG_H'
DYEXT='so'
ECHO_C=''
ECHO_N='-n'
ECHO_T=''
EGREP='/usr/bin/grep -E'
EXEEXT=''
GREP='/usr/bin/grep'
HAVE_LINUX_TPACKET_AUXDATA='tp_vlan_tci'
INSTALL_DATA='${INSTALL} -m 644'
INSTALL_PROGRAM='${INSTALL}'
INSTALL_SCRIPT='${INSTALL}'
LDFLAGS=''
LIBOBJS=''
LIBS=''
LTLIBOBJS=''
MAN_FILE_FORMATS='5'
MAN_MISC_INFO='7'
NETFILTER_SRC='pcap-netfilter-linux.c'
OBJEXT='o'
PACKAGE_BUGREPORT=''
PACKAGE_NAME=''
PACKAGE_STRING=''
PACKAGE_TARNAME=''
PACKAGE_VERSION=''
PATH_SEPARATOR=':'
PCAP_SUPPORT_BT=''
PCAP_SUPPORT_CAN=''
PCAP_SUPPORT_CANUSB=''
PCAP_SUPPORT_NETFILTER=''
PCAP_SUPPORT_USB=''
RANLIB='aarch64-linux-gnu-ranlib'
SHELL='/bin/sh'
SHLICC2=''
SSRC=''
USB_SRC='pcap-usb-linux.c'
V_CCOPT='-O2 -fpic'
V_DEFS=' -D_U_="__attribute__((unused))"'
V_FINDALLDEVS='getad'
V_INCLS=''
V_LEX='flex -Ppcap_'
V_PCAP='linux'
V_RPATH_OPT='-Wl,-rpath,'
V_SHLIB_CMD='$(CC)'
V_SHLIB_OPT='-shared'
V_SONAME_OPT='-Wl,-soname,'
V_YACC='bison -y -p pcap_'
ac_ct_CC=''
bindir='${exec_prefix}/bin'
build='x86_64-unknown-linux-gnu'
build_alias=''
build_cpu='x86_64'
build_os='linux-gnu'
build_vendor='unknown'
datadir='${datarootdir}'
datarootdir='${prefix}/share'
docdir='${datarootdir}/doc/${PACKAGE}'
dvidir='${docdir}'
exec_prefix='${prefix}'
host='x86_64-unknown-linux-gnu'
host_alias='x86_64-unknown-linux-gnu'
host_cpu='x86_64'
host_os='linux-gnu'
host_vendor='unknown'
htmldir='${docdir}'
includedir='${prefix}/include'
infodir='${datarootdir}/info'
libdir='${exec_prefix}/lib'
libexecdir='${exec_prefix}/libexec'
localedir='${datarootdir}/locale'
localstatedir='${prefix}/var'
mandir='${datarootdir}/man'
oldincludedir='/usr/include'
pdfdir='${docdir}'
prefix='/usr/local'
program_transform_name='s,x,x,'
psdir='${docdir}'
sbindir='${exec_prefix}/sbin'
sharedstatedir='${prefix}/com'
sysconfdir='${prefix}/etc'
target='x86_64-unknown-linux-gnu'
target_alias=''
target_cpu='x86_64'
target_os='linux-gnu'
target_vendor='unknown'

## ----------- ##
## confdefs.h. ##
## ----------- ##

#define PACKAGE_NAME ""
#define PACKAGE_TARNAME ""
#define PACKAGE_VERSION ""
#define PACKAGE_STRING ""
#define PACKAGE_BUGREPORT ""
#define inline inline
#define HAVE___ATTRIBUTE__ 1
#define STDC_HEADERS 1
#define HAVE_SYS_TYPES_H 1
#define HAVE_SYS_STAT_H 1
#define HAVE_STDLIB_H 1
#define HAVE_STRING_H 1
#define HAVE_MEMORY_H 1
#define HAVE_STRINGS_H 1
#define HAVE_INTTYPES_H 1
#define HAVE_STDINT_H 1
#define HAVE_UNISTD_H 1
#define HAVE_SYS_BITYPES_H 1
#define HAVE_FSEEKO 1
#define HAVE_LIMITS_H 1
#define HAVE_PATHS_H 1
#define HAVE_LINUX_TYPES_H 1
#define HAVE_LINUX_IF_PACKET_H 1
#define HAVE_NETPACKET_PACKET_H 1
#define HAVE_NETINET_IF_ETHER_H 1
#define HAVE_STRERROR 1
#define HAVE_VSNPRINTF 1
#define HAVE_SNPRINTF 1
#define HAVE_ETHER_HOSTTON 1
#define HAVE_NETINET_ETHER_H 1
#define NETINET_ETHER_H_DECLARES_ETHER_HOSTTON
#define HAVE_DECL_ETHER_HOSTTON 1
#define HAVE_LINUX_WIRELESS_H 1
#define HAVE_LINUX_ETHTOOL_H 1
#define HAVE_TPACKET_STATS 1
#define HAVE_LINUX_TPACKET_AUXDATA_TP_VLAN_TCI 1
#define HAVE_SOCKLEN_T 1
#define INET6 1
#define HAVE_SOCKADDR_STORAGE 1
#define LBL_ALIGN 1
#define HAVE_VERSION_H 1
#define PCAP_SUPPORT_USB 1
#define LINUX_USB_MON_DEV "/dev/usbmon"
#define HAVE_LINUX_USBDEVICE_FS_H 1
#define HAVE_USBDEVFS_CTRLTRANSFER_BREQUESTTYPE 1
#define PCAP_SUPPORT_NETFILTER 1
#define PCAP_SUPPORT_CAN 1
#define HAVE_LINUX_NET_TSTAMP_H 1

configure: exit 0

## ---------------------- ##
## Running config.status. ##
## ---------------------- ##

This file was extended by config.status, which was
generated by GNU Autoconf 2.61.  Invocation command line was

  CONFIG_FILES    = 
  CONFIG_HEADERS  = 
  CONFIG_LINKS    = 
  CONFIG_COMMANDS = 
  $ ./config.status --file=pcap-config.tmp:./pcap-config.in

on davide-virtual-machine

config.status:651: creating pcap-config.tmp
